29.11636	42.76	8.7
29.60436	42.95	5.2
30.10053	43.15	1.6
30.60502	43.35	-2.1
31.11797	43.55	-5.8
31.63952	43.76	-9.5
32.1698	43.97	-13.3
32.70898	44.18	-17.2
33.25719	44.4	-21.1
33.81459	44.62	-25.1
34.38133	44.85	-29.1
34.95757	45.08	-33.1
35.54346	45.32	-37.2
36.13918	45.56	-41.3
36.74488	45.8	-45.4
37.36074	46.05	-49.6
37.98691	46.31	-53.8
38.62358	46.58	-58
39.27092	46.85	-62.2
39.92911	47.12	-66.4
40.59833	47.41	-70.6
41.27877	47.7	-74.7
41.97061	48	-78.9
42.67405	48.3	-83.1
43.38928	48.62	-87.2
44.11649	48.94	-91.2
44.8559	49.27	-95.2
45.60769	49.62	-99.1
46.37209	49.97	-102.9
47.1493	50.33	-106.7
47.93953	50.71	-110.3
48.74301	51.1	-113.8
49.55995	51.5	-117.1
50.39059	51.91	-120.3
51.23515	52.34	-123.3
52.09386	52.78	-126.1
52.96697	53.24	-128.7
53.85471	53.71	-131
54.75733	54.2	-133.1
55.67507	54.71	-134.8
56.6082	55.24	-136.2
57.55697	55.79	-137.3
58.52164	56.37	-137.9
59.50247	56.96	-138.2
60.49975	57.85	-137.9
61.51374	58.47	-140.2
62.54472	58.8	-143.6
63.59299	58.93	-146.2
64.65882	59.03	-147.6
65.74252	59.25	-148.1
66.84438	59.56	-148.7
67.96471	59.87	-149.6
69.10382	60.19	-150.4
70.26201	60.52	-151.2
71.43962	60.87	-151.9
72.63697	61.27	-152.6
73.85438	61.7	-153.6
75.0922	62.12	-154.9
76.35076	62.51	-156.4
77.63042	62.92	-157.7
78.93152	63.35	-159.3
80.25443	63.76	-161.4
81.59952	64.09	-163.6
82.96715	64.36	-165.8
84.3577	64.62	-167.8
85.77155	64.88	-170
87.2091	65.02	-172.5
88.67075	64.97	-174.7
90.15689	64.83	-174.9
91.66795	64.93	-173.7
93.20432	65.33	-172.9
94.76645	65.77	-173.4
96.35476	66.13	-174.7
97.96969	66.37	-176.3
99.61168	66.51	-177.4
101.2812	66.62	-177.7
102.9787	66.79	-177.6
104.70465	67.06	-177.1
106.45952	67.39	-176.8
108.24381	67.78	-176.8
110.058	68.2	-177.1
111.9026	68.64	-177.8
113.77812	69.05	-179.1
115.68507	69.39	-160.8
117.62398	69.62	178
119.59538	69.78	176.6
121.59983	69.94	176.1
123.63787	70.16	176
125.71007	70.43	175.9
127.81701	70.75	175.7
129.95925	71.09	175.4
132.1374	71.44	174.7
134.35205	71.77	173.8
136.60383	72.02	172.8
138.89334	72.24	172.4
141.22123	72.51	172.3
143.58813	72.83	172
145.9947	73.19	171.7
148.44161	73.57	171.2
150.92953	73.94	170.4
153.45914	74.29	169.4
156.03116	74.61	168.1
158.64628	74.85	166.7
161.30523	75.03	165.5
164.00874	75.18	164.9
166.75757	75.35	164.8
169.55247	75.57	165.2
172.39421	75.87	165.7
175.28358	76.26	166.1
178.22137	76.69	166.1
181.2084	77.15	165.8
184.2455	77.59	165.1
187.3335	78	164.2
190.47326	78.4	163.3
193.66564	78.79	162.1
196.91152	79.16	160.9
200.2118	79.51	159.7
203.5674	79.84	158.5
206.97924	80.16	157.5
210.44827	80.49	156.4
213.97543	80.84	155.4
217.56171	81.2	154.3
221.2081	81.57	153.1
224.9156	81.92	151.7
228.68524	82.26	150
232.51806	82.55	148.4
236.41512	82.82	146.9
240.3775	83.07	145.6
244.40628	83.35	144.4
248.50259	83.66	143.3
252.66756	83.99	141.9
256.90233	84.29	140.2
261.20807	84.53	138.3
265.58598	84.72	136.7
270.03727	84.9	135.6
274.56316	85.11	134.7
279.16491	85.36	133.9
283.84378	85.64	133.2
288.60107	85.96	132.4
293.43809	86.32	131.5
298.35619	86.71	130.2
303.35671	87.1	128.7
308.44104	87.48	126.8
313.61059	87.84	124.4
318.86678	88.13	121.9
324.21107	88.33	119.3
329.64492	88.47	116.9
335.16985	88.61	115.2
340.78738	88.78	113.7
346.49906	88.98	112
352.30647	89.19	110.3
358.21121	89.39	108.6
364.21492	89.58	106.8
370.31925	89.77	105
376.5259	89.95	103.3
382.83656	90.13	101.5
389.253	90.3	99.6
395.77697	90.46	97.6
402.41029	90.59	95.7
409.15479	90.69	94
416.01232	90.8	92.5
422.98479	90.95	91.3
430.07412	91.18	90.1
437.28226	91.48	88.6
444.61122	91.81	86.5
452.06302	92.06	82.7
459.6397	92.17	78.9
467.34338	92.16	75.4
475.17617	92.07	72.3
483.14023	91.93	69.6
491.23778	91.76	67.3
499.47105	91.56	65.3
507.84231	91.31	63.8
516.35387	91.02	63.3
525.00808	90.84	64.1
533.80735	90.94	65.3
542.75409	91.25	65
551.85078	91.51	63.3
561.09994	91.6	61.2
570.50411	91.61	59.6
580.0659	91.67	58.7
589.78794	91.84	57.4
599.67293	92.01	55.1
609.7236	92.04	52.1
619.94272	91.86	49.3
630.33311	91.59	47.9
640.89765	91.4	47.7
651.63925	91.39	47.5
662.56088	91.45	46.6
673.66556	91.44	45.2
684.95636	91.34	43.7
696.4364	91.15	43
708.10884	90.99	43.4
719.97692	91.04	44.5
732.04391	91.35	44.8
744.31315	91.69	43.4
756.78802	91.93	40.7
769.47197	91.98	37.3
782.36851	91.83	33.8
795.4812	91.48	31.1
808.81366	91.02	29.7
822.36957	90.55	29.7
836.15269	90.17	31
850.16681	90	33.2
864.41582	90.07	35.1
878.90364	90.27	36.4
893.63428	90.59	36.7
908.61181	90.91	35.6
923.84036	91.06	33.5
939.32415	91.08	31.5
955.06746	91.03	29.7
971.07462	90.91	28
987.35007	90.71	26.8
1003.8983	90.54	26.1
1020.7239	90.37	25.4
1037.8315	90.14	24.9
1055.2258	89.88	25.3
1072.9116	89.75	26.5
1090.8939	89.76	27.2
1109.1775	89.76	27.3
1127.7676	89.69	27.5
1146.6693	89.62	28.4
1165.8877	89.72	29.8
1185.4283	90	30.1
1205.2964	90.18	28.9
1225.4974	90.15	27.7
1246.0371	90.09	27.3
1266.9209	90.08	27.1
1288.1549	90.08	26.8
1309.7446	90.08	26.6
1331.6963	90.09	26.2
1354.0158	90.08	25.7
1376.7095	90.02	25.1
1399.7835	89.89	25
1423.2442	89.81	25.5
1447.0981	89.82	26.2
1471.3518	89.9	26.6
1496.012	89.97	26.4
1521.0856	89.98	26.2
1546.5793	90.01	26.1
1572.5004	90.02	25.9
1598.8559	89.99	25.9
1625.6531	89.98	26.1
1652.8994	90	26.3
1680.6024	89.98	26.4
1708.7697	89.94	27
1737.4091	89.95	28.3
1766.5285	90.1	29.9
1796.136	90.43	31.2
1826.2397	90.81	31.3
1856.8479	91.2	30.7
1887.9691	91.55	29
1919.612	91.77	26.7
1951.7851	91.83	24.3
1984.4975	91.77	22.5
2017.7582	91.72	21.3
2051.5763	91.67	20.3
2085.9612	91.66	19.8
2120.9224	91.76	19
2156.4696	91.82	17.1
2192.6126	91.74	15.1
2229.3613	91.53	13.3
2266.7259	91.16	12.4
2304.7168	90.77	13.3
2343.3444	90.61	15.6
2382.6195	90.73	17.8
2422.5528	91.01	18.7
2463.1553	91.32	18.6
2504.4384	91.56	17.3
2546.4134	91.66	15.6
2589.0919	91.64	14.1
2632.4858	91.56	13.4
2676.6069	91.57	13.2
2721.4674	91.67	12.6
2767.0799	91.79	11.4
2813.4568	91.82	9.6
2860.6111	91.69	7.8
2908.5556	91.5	6.9
2957.3037	91.38	6.7
3006.8689	91.37	6.5
3057.2647	91.41	5.7
3108.5052	91.42	4.1
3160.6045	91.28	1.9
3213.577	90.91	0.3
3267.4374	90.43	0.6
3322.2004	90.09	2.5
3377.8813	90	4.7
3434.4954	90.07	6.3
3492.0584	90.16	7.2
3550.5862	90.25	8.2
3610.0949	90.45	9.4
3670.6009	90.78	9.7
3732.1211	91.09	8.6
3794.6724	91.21	7
3858.272	91.24	6
3922.9376	91.34	5.8
3988.687	91.58	5
4055.5384	91.8	3
4123.5102	91.87	0.4
4192.6212	91.82	-1.8
4262.8906	91.77	-3.4
4334.3377	91.79	-5.3
4406.9822	91.75	-8.1
4480.8443	91.5	-11
4555.9444	91.1	-12.9
4632.3031	90.67	-13.6
4709.9417	90.29	-13.3
4788.8814	90.05	-11.9
4869.1443	90.07	-10.6
4950.7523	90.26	-10.8
5033.7281	90.28	-12.5
5118.0947	90.07	-13.5
5203.8752	89.96	-12.7
5291.0934	90.12	-12.1
5379.7734	90.43	-12.7
5469.9397	90.79	-14.7
5561.6173	91.1	-18.7
5654.8313	91.1	-24.2
5749.6077	90.77	-29.4
5845.9725	90.25	-33.8
5943.9525	89.55	-37.1
6043.5746	88.68	-38.5
6144.8664	87.85	-37.4
6247.8558	87.27	-34.5
6352.5714	87.14	-30.9
6459.0421	87.46	-29.4
6567.2972	87.81	-30.4
6677.3667	88.04	-33.2
6789.281	88.15	-37.4
6903.071	88.03	-42.9
7018.7682	87.57	-48.6
7136.4045	86.76	-53.2
7256.0123	85.74	-55.4
7377.6249	84.74	-55.4
7501.2757	83.83	-53.5
7626.9989	83.26	-50
7754.8293	83.16	-47.2
7884.8021	83.28	-46.7
8016.9533	83.36	-48.3
8151.3194	83.3	-50.7
8287.9375	83.25	-54.3
8426.8454	82.87	-59.6
8568.0814	82.08	-63.9
8711.6845	81.01	-66
8857.6945	79.94	-64.8
9006.1516	79.24	-60.9
9157.0969	79.46	-57
9310.5721	80.15	-59.9
9466.6196	80.27	-68.1
9625.2825	79.77	-77.3
9786.6046	78.86	-85.4
9950.6305	77.54	-92.3
10117.405	75.96	-94.8
10286.976	74.77	-95
10459.388	74.18	-97.1
10634.69	73.54	-103.3
10812.93	72.57	-110.1
10994.157	71.46	-116.1
11178.422	70.52	-122.9
11365.775	69.59	-130.2
11556.268	68.66	-137.3
11749.954	68.02	-142.5
11946.886	67.91	-147.8
12147.119	68.54	-153.8
12350.708	69.34	-164.1
12557.708	69.78	-176.1
12768.179	69.94	174.8
12982.177	70.16	169
13199.761	70.93	165.4
13420.992	72.03	159.5
13645.931	72.75	150.8
13874.641	73.08	142.6
14107.183	73.15	136
14343.623	73.21	132.6
14584.025	73.79	130.3
14828.457	74.56	124.6
15076.986	74.95	116
15329.68	74.79	107.4
15586.609	74.33	101.3
15847.844	73.89	97.6
16113.458	73.8	95.1
16383.524	73.93	89.9
16658.115	73.7	83.1
16937.31	73.26	77.8
17221.183	73.13	72.7
17509.814	73.2	63.3
17803.283	72.7	48.8
18101.67	71.23	33.5
18405.059	68.86	22
18713.532	65.72	18.1
19027.176	62.24	23.4
19346.076	59.31	36.4
19670.321	58.12	43.8
20000	57.74	42.6
