29.11636	42.76	8.8
29.60436	42.95	5.2
30.10053	43.15	1.7
30.60502	43.35	-2
31.11797	43.55	-5.7
31.63952	43.76	-9.5
32.1698	43.97	-13.3
32.70898	44.18	-17.1
33.25719	44.4	-21
33.81459	44.62	-25
34.38133	44.85	-29
34.95757	45.08	-33
35.54346	45.32	-37.1
36.13918	45.56	-41.2
36.74488	45.8	-45.3
37.36074	46.05	-49.5
37.98691	46.31	-53.7
38.62358	46.58	-57.9
39.27092	46.85	-62.1
39.92911	47.12	-66.3
40.59833	47.41	-70.5
41.27877	47.7	-74.7
41.97061	48	-78.8
42.67405	48.3	-83
43.38928	48.62	-87.1
44.11649	48.94	-91.1
44.8559	49.27	-95.1
45.60769	49.62	-99
46.37209	49.97	-102.8
47.1493	50.33	-106.6
47.93953	50.71	-110.2
48.74301	51.1	-113.7
49.55995	51.5	-117
50.39059	51.91	-120.2
51.23515	52.34	-123.2
52.09386	52.78	-126
52.96697	53.24	-128.6
53.85471	53.71	-130.9
54.75733	54.2	-132.9
55.67507	54.71	-134.7
56.6082	55.24	-136.1
57.55697	55.79	-137.2
58.52164	56.37	-137.8
59.50247	56.96	-138
60.49975	57.85	-137.7
61.51374	58.47	-140
62.54472	58.8	-143.4
63.59299	58.93	-146.1
64.65882	59.03	-147.5
65.74252	59.25	-148
66.84438	59.56	-148.6
67.96471	59.87	-149.5
69.10382	60.19	-150.3
70.26201	60.52	-151.1
71.43962	60.87	-151.8
72.63697	61.27	-152.5
73.85438	61.7	-153.5
75.0922	62.12	-154.8
76.35076	62.51	-156.2
77.63042	62.92	-157.5
78.93152	63.35	-159.1
80.25443	63.76	-161.2
81.59952	64.09	-163.4
82.96715	64.36	-165.6
84.3577	64.62	-167.6
85.77155	64.88	-169.8
87.2091	65.02	-172.3
88.67075	64.97	-174.6
90.15689	64.83	-174.8
91.66795	64.93	-173.6
93.20432	65.33	-172.7
94.76645	65.77	-173.2
96.35476	66.13	-174.5
97.96969	66.37	-176.1
99.61168	66.51	-177.2
101.2812	66.62	-177.5
102.9787	66.79	-177.4
104.70465	67.06	-176.9
106.45952	67.39	-176.6
108.24381	67.78	-176.6
110.058	68.2	-176.8
111.9026	68.64	-177.5
113.77812	69.05	-178.9
115.68507	69.39	-160.6
117.62398	69.62	178.2
119.59538	69.78	176.8
121.59983	69.94	176.3
123.63787	70.16	176.2
125.71007	70.43	176.1
127.81701	70.75	176
129.95925	71.09	175.7
132.1374	71.44	175
134.35205	71.77	174.1
136.60383	72.02	173.1
138.89334	72.24	172.6
141.22123	72.51	172.5
143.58813	72.83	172.3
145.9947	73.19	172
148.44161	73.57	171.5
150.92953	73.94	170.7
153.45914	74.29	169.7
156.03116	74.61	168.4
158.64628	74.85	167
161.30523	75.03	165.9
164.00874	75.18	165.3
166.75757	75.35	165.1
169.55247	75.57	165.5
172.39421	75.87	166
175.28358	76.26	166.4
178.22137	76.69	166.5
181.2084	77.15	166.2
184.2455	77.59	165.5
187.3335	78	164.6
190.47326	78.4	163.6
193.66564	78.79	162.5
196.91152	79.16	161.3
200.2118	79.51	160.1
203.5674	79.84	158.9
206.97924	80.16	157.9
210.44827	80.49	156.9
213.97543	80.84	155.9
217.56171	81.2	154.7
221.2081	81.57	153.5
224.9156	81.92	152.1
228.68524	82.26	150.5
232.51806	82.55	148.9
236.41512	82.82	147.4
240.3775	83.07	146
244.40628	83.35	144.9
248.50259	83.66	143.8
252.66756	83.99	142.4
256.90233	84.29	140.7
261.20807	84.53	138.9
265.58598	84.72	137.2
270.03727	84.9	136.1
274.56316	85.11	135.2
279.16491	85.36	134.5
283.84378	85.64	133.8
288.60107	85.96	133
293.43809	86.32	132
298.35619	86.71	130.8
303.35671	87.1	129.3
308.44104	87.48	127.4
313.61059	87.84	125.1
318.86678	88.13	122.5
324.21107	88.33	119.9
329.64492	88.47	117.6
335.16985	88.61	115.9
340.78738	88.78	114.4
346.49906	88.98	112.7
352.30647	89.19	111
358.21121	89.39	109.3
364.21492	89.58	107.6
370.31925	89.77	105.7
376.5259	89.95	104
382.83656	90.13	102.3
389.253	90.3	100.4
395.77697	90.46	98.4
402.41029	90.59	96.5
409.15479	90.69	94.8
416.01232	90.8	93.4
422.98479	90.95	92.1
430.07412	91.18	91
437.28226	91.48	89.5
444.61122	91.81	87.3
452.06302	92.1	84.4
459.6397	92.31	80.9
467.34338	92.44	76.7
475.17617	92.41	72.9
483.14023	92.28	69.7
491.23778	92.12	67
499.47105	92	64.5
507.84231	91.87	61.3
516.35387	91.48	58.7
525.00808	90.93	57.9
533.80735	90.52	59.6
542.75409	90.49	62
551.85078	90.77	63.1
561.09994	91.04	62.5
570.50411	91.18	61.4
580.0659	91.33	60.7
589.78794	91.59	59.9
599.67293	91.91	57.9
609.7236	92.08	54.4
619.94272	91.99	50.6
630.33311	91.68	48
640.89765	91.29	46.8
651.63925	90.95	47.2
662.56088	90.84	48.8
673.66556	91.01	50.1
684.95636	91.32	49.9
696.4364	91.57	48.4
708.10884	91.68	46.6
719.97692	91.76	45
732.04391	91.86	43.3
744.31315	91.95	41.1
756.78802	91.97	38.3
769.47197	91.83	35.2
782.36851	91.52	32.7
795.4812	91.12	31
808.81366	90.63	30.3
822.36957	90.09	31.5
836.15269	89.78	34.9
850.16681	89.96	38.7
864.41582	90.52	40.5
878.90364	91.09	39
893.63428	91.35	35.6
908.61181	91.29	32.2
923.84036	91.03	29.7
939.32415	90.67	28.6
955.06746	90.34	29
971.07462	90.2	30.3
987.35007	90.26	31.3
1003.8983	90.44	31.5
1020.7239	90.61	30.3
1037.8315	90.65	28.4
1055.2258	90.51	26.4
1072.9116	90.22	25.2
1090.8939	89.9	24.9
1109.1775	89.58	25.6
1127.7676	89.32	27.3
1146.6693	89.27	29.7
1165.8877	89.42	31.6
1185.4283	89.67	32.6
1205.2964	89.94	32.6
1225.4974	90.13	31.6
1246.0371	90.15	30.4
1266.9209	90.07	30.1
1288.1549	90.07	30.7
1309.7446	90.24	31.1
1331.6963	90.46	30.2
1354.0158	90.54	28.2
1376.7095	90.36	26.3
1399.7835	90.01	26.1
1423.2442	89.8	27.9
1447.0981	89.87	30
1471.3518	90.13	30.9
1496.012	90.36	30.6
1521.0856	90.51	29.8
1546.5793	90.57	29.1
1572.5004	90.61	28.6
1598.8559	90.67	28.1
1625.6531	90.73	27.3
1652.8994	90.68	26
1680.6024	90.47	25.3
1708.7697	90.2	26.1
1737.4091	90.06	28.5
1766.5285	90.23	31.7
1796.136	90.74	33.8
1826.2397	91.33	33.9
1856.8479	91.83	32.4
1887.9691	92.23	29.9
1919.612	92.43	26.6
1951.7851	92.43	23.3
1984.4975	92.26	20.8
2017.7582	92.03	19.5
2051.5763	91.85	19.3
2085.9612	91.86	19.4
2120.9224	92.02	18.6
2156.4696	92.05	16.3
2192.6126	91.84	14.1
2229.3613	91.52	13
2266.7259	91.17	12.9
2304.7168	90.83	13.9
2343.3444	90.63	16.1
2382.6195	90.68	18.7
2422.5528	90.95	20.1
2463.1553	91.22	20.5
2504.4384	91.45	20.2
2546.4134	91.66	19.5
2589.0919	91.78	18.3
2632.4858	91.81	17.2
2676.6069	91.82	16.7
2721.4674	91.87	16.3
2767.0799	91.94	15.9
2813.4568	92.04	15.6
2860.6111	92.2	14.9
2908.5556	92.34	13.5
2957.3037	92.39	12
3006.8689	92.45	10.7
3057.2647	92.51	8.8
3108.5052	92.48	6.2
3160.6045	92.24	3.6
3213.577	91.81	1.9
3267.4374	91.26	2.1
3322.2004	90.87	4.5
3377.8813	90.8	7.4
3434.4954	90.98	9.4
3492.0584	91.21	10.2
3550.5862	91.39	10.2
3610.0949	91.54	10.2
3670.6009	91.69	10
3732.1211	91.84	9.5
3794.6724	91.93	8.9
3858.272	91.99	8.6
3922.9376	92.09	8.8
3988.687	92.34	9.2
4055.5384	92.74	8.6
4123.5102	93.13	6.4
4192.6212	93.31	3.3
4262.8906	93.35	0.3
4334.3377	93.35	-2.4
4406.9822	93.33	-5.6
4480.8443	93.11	-9.2
4555.9444	92.63	-11.8
4632.3031	92.07	-12.4
4709.9417	91.65	-11.3
4788.8814	91.43	-9.9
4869.1443	91.36	-8.3
4950.7523	91.46	-7
5033.7281	91.68	-6.6
5118.0947	91.87	-7.1
5203.8752	92.04	-7.6
5291.0934	92.32	-8.3
5379.7734	92.66	-10.3
5469.9397	92.86	-13.7
5561.6173	92.87	-17.5
5654.8313	92.75	-21.3
5749.6077	92.46	-25
5845.9725	92.01	-27.8
5943.9525	91.51	-29.5
6043.5746	90.97	-30.1
6144.8664	90.46	-29.2
6247.8558	90.18	-26.8
6352.5714	90.32	-24.3
6459.0421	90.73	-24.1
6567.2972	91.05	-26.3
6677.3667	91.22	-29.4
6789.281	91.27	-33.2
6903.071	91.14	-37.5
7018.7682	90.81	-42
7136.4045	90.21	-45.7
7256.0123	89.45	-47.3
7377.6249	88.74	-47.1
7501.2757	88.18	-45.6
7626.9989	87.9	-43.5
7754.8293	87.91	-42.1
7884.8021	88.05	-42.2
8016.9533	88.18	-43.9
8151.3194	88.22	-47
8287.9375	88.05	-51.1
8426.8454	87.57	-55.4
8568.0814	86.75	-58.3
8711.6845	85.77	-58.6
8857.6945	84.81	-56
9006.1516	84.29	-50.3
9157.0969	84.56	-45.3
9310.5721	85.24	-45.2
9466.6196	85.55	-49.6
9625.2825	85.35	-54.4
9786.6046	84.86	-58.7
9950.6305	84.06	-61.1
10117.405	83.21	-61.1
10286.976	82.61	-58.9
10459.388	82.38	-57.5
10634.69	82.31	-57.4
10812.93	82.2	-59.2
10994.157	81.93	-61.8
11178.422	81.37	-64.7
11365.775	80.53	-65.7
11556.268	79.68	-63.9
11749.954	79.2	-60.9
11946.886	79.14	-58.4
12147.119	79.36	-58.9
12350.708	79.37	-62.6
12557.708	78.91	-67
12768.179	78.02	-69.4
12982.177	77.12	-67.9
13199.761	76.84	-65.7
13420.992	76.92	-66.8
13645.931	76.82	-71.7
13874.641	76.17	-77.8
14107.183	75.14	-82.4
14343.623	73.99	-85
14584.025	73.09	-88
14828.457	72.31	-95.6
15076.986	71.17	-110.1
15329.68	69.02	-134.2
15586.609	65.38	-172.7
15847.844	61.25	117
16113.458	60.07	47.8
16383.524	61.43	18.6
16658.115	62.37	9.3
16937.31	63.18	11.5
17221.183	64.64	16.2
17509.814	66.01	16.2
17803.283	66.96	13.2
18101.67	67.4	8.8
18405.059	67.62	6.7
18713.532	68.39	5.6
19027.176	69.33	-1.1
19346.076	69.52	-12.4
19670.321	69.01	-21.3
20000	68.65	-25
