29.11636	42.76	8.9
59.50247	56.96	-137.8
60.49975	57.85	-137.5
61.51374	58.47	-139.8
62.54472	58.8	-143.2
63.59299	58.93	-145.8
64.65882	59.03	-147.2
65.74252	59.25	-147.7
66.84438	59.56	-148.3
67.96471	59.87	-149.2
69.10382	60.19	-150
70.26201	60.52	-150.8
71.43962	60.87	-151.5
72.63697	61.27	-152.2
73.85438	61.7	-153.2
75.0922	62.12	-154.5
76.35076	62.51	-155.9
77.63042	62.92	-157.2
78.93152	63.35	-158.8
80.25443	63.76	-160.9
81.59952	64.09	-163.1
82.96715	64.36	-165.3
84.3577	64.62	-167.3
85.77155	64.88	-169.5
87.2091	65.02	-172
88.67075	64.97	-174.2
90.15689	64.83	-174.4
91.66795	64.93	-173.2
93.20432	65.33	-172.3
94.76645	65.77	-172.8
96.35476	66.13	-174.1
97.96969	66.37	-175.7
99.61168	66.51	-176.8
101.2812	66.62	-177.1
102.9787	66.79	-177
104.70465	67.06	-176.5
106.45952	67.39	-176.2
108.24381	67.78	-176.2
110.058	68.2	-176.4
111.9026	68.64	-177.1
113.77812	69.05	-178.4
115.68507	69.39	-160.1
117.62398	69.62	178.7
119.59538	69.78	177.3
121.59983	69.94	176.8
123.63787	70.16	176.7
125.71007	70.43	176.6
127.81701	70.75	176.5
129.95925	71.09	176.2
132.1374	71.44	175.5
134.35205	71.77	174.6
136.60383	72.02	173.6
138.89334	72.24	173.2
141.22123	72.51	173.1
143.58813	72.83	172.9
145.9947	73.19	172.6
148.44161	73.57	172.1
150.92953	73.94	171.3
153.45914	74.29	170.3
156.03116	74.61	169
158.64628	74.85	167.6
161.30523	75.03	166.5
164.00874	75.18	165.9
166.75757	75.35	165.8
169.55247	75.57	166.2
172.39421	75.87	166.7
175.28358	76.26	167.1
178.22137	76.69	167.2
181.2084	77.15	166.9
184.2455	77.59	166.2
187.3335	78	165.3
190.47326	78.4	164.4
193.66564	78.79	163.3
196.91152	79.16	162.1
200.2118	79.51	160.9
203.5674	79.84	159.7
206.97924	80.16	158.7
210.44827	80.49	157.7
213.97543	80.84	156.7
217.56171	81.2	155.6
221.2081	81.57	154.4
224.9156	81.92	153
228.68524	82.26	151.4
232.51806	82.55	149.8
236.41512	82.82	148.3
240.3775	83.07	147
244.40628	83.35	145.9
248.50259	83.66	144.8
252.66756	83.99	143.4
256.90233	84.29	141.7
261.20807	84.53	139.9
265.58598	84.72	138.3
270.03727	84.9	137.2
274.56316	85.11	136.3
279.16491	85.36	135.6
283.84378	85.64	134.9
288.60107	85.96	134.1
293.43809	86.32	133.2
298.35619	86.71	132
303.35671	87.1	130.5
308.44104	87.48	128.6
313.61059	87.84	126.3
318.86678	88.13	123.8
324.21107	88.33	121.2
329.64492	88.47	118.9
335.16985	88.61	117.2
340.78738	88.78	115.7
346.49906	88.98	114.1
352.30647	89.19	112.4
358.21121	89.39	110.7
364.21492	89.58	109
370.31925	89.77	107.2
376.5259	89.95	105.5
382.83656	90.13	103.8
389.253	90.3	101.9
395.77697	90.46	100
402.41029	90.59	98.1
409.15479	90.69	96.4
416.01232	90.8	95
422.98479	90.95	93.8
430.07412	91.18	92.7
437.28226	91.48	91.2
444.61122	91.81	89.1
452.06302	92.1	86.2
459.6397	92.31	82.7
467.34338	92.39	78.9
475.17617	92.34	75.3
483.14023	92.2	72.2
491.23778	91.99	69.8
499.47105	91.76	68
507.84231	91.56	66.9
516.35387	91.39	66.3
525.00808	91.3	66.3
533.80735	91.33	66.3
542.75409	91.46	66.2
551.85078	91.68	65.7
561.09994	91.94	64.3
570.50411	92.15	62
580.0659	92.25	59.1
589.78794	92.22	56.2
599.67293	92.07	53.6
609.7236	91.86	51.7
619.94272	91.62	50.4
630.33311	91.43	49.8
640.89765	91.28	49.4
651.63925	91.15	49.2
662.56088	91.07	49.5
673.66556	91.1	50
684.95636	91.24	50.1
696.4364	91.41	49.7
708.10884	91.61	48.9
719.97692	91.82	47.5
732.04391	92.01	45.4
744.31315	92.08	42.5
756.78802	91.98	39.5
769.47197	91.76	37
782.36851	91.47	35.2
795.4812	91.12	34.2
808.81366	90.76	33.9
822.36957	90.43	34.8
836.15269	90.25	36.5
850.16681	90.27	38.2
864.41582	90.42	39.3
878.90364	90.63	40.1
893.63428	90.98	40.3
908.61181	91.42	39
923.84036	91.73	35.4
939.32415	91.65	30.9
955.06746	91.21	27.8
971.07462	90.7	27.2
987.35007	90.35	28
1003.8983	90.24	29.1
1020.7239	90.27	29.3
1037.8315	90.26	28.4
1055.2258	90.08	27.3
1072.9116	89.77	27
1090.8939	89.43	28.3
1109.1775	89.32	30.6
1127.7676	89.41	32.2
1146.6693	89.51	32.8
1165.8877	89.55	33.4
1185.4283	89.63	34.2
1205.2964	89.75	34.8
1225.4974	89.9	35.1
1246.0371	90.06	35.2
1266.9209	90.2	35
1288.1549	90.33	34.9
1309.7446	90.52	34.4
1331.6963	90.65	33.1
1354.0158	90.64	31.6
1376.7095	90.5	30.9
1399.7835	90.38	31.3
1423.2442	90.41	32.1
1447.0981	90.54	32.6
1471.3518	90.7	32.4
1496.012	90.82	31.7
1521.0856	90.88	31
1546.5793	90.92	30.4
1572.5004	90.96	29.9
1598.8559	90.99	29.1
1625.6531	90.95	28.2
1652.8994	90.8	27.8
1680.6024	90.65	28.3
1708.7697	90.59	29.5
1737.4091	90.66	31.2
1766.5285	90.94	32.7
1796.136	91.36	33.1
1826.2397	91.74	32.1
1856.8479	92	30.3
1887.9691	92.18	28.1
1919.612	92.19	25.6
1951.7851	92.02	23.8
1984.4975	91.85	23.4
2017.7582	91.84	23.6
2051.5763	91.95	23.2
2085.9612	92.04	22.2
2120.9224	92.12	20.6
2156.4696	92.08	18.3
2192.6126	91.81	16.3
2229.3613	91.38	15.8
2266.7259	91.06	17
2304.7168	90.91	18.4
2343.3444	90.85	20
2382.6195	90.9	21.4
2422.5528	90.99	22.3
2463.1553	91.1	23.3
2504.4384	91.25	24.3
2546.4134	91.53	25.3
2589.0919	91.89	25.1
2632.4858	92.17	23.9
2676.6069	92.32	22.4
2721.4674	92.38	21
2767.0799	92.39	19.9
2813.4568	92.39	19.3
2860.6111	92.46	19.1
2908.5556	92.58	18.4
2957.3037	92.69	17.4
3006.8689	92.78	16.2
3057.2647	92.84	14.7
3108.5052	92.84	13.1
3160.6045	92.76	11.4
3213.577	92.57	10.1
3267.4374	92.34	9.7
3322.2004	92.19	10.2
3377.8813	92.14	10.9
3434.4954	92.2	11.5
3492.0584	92.32	11.6
3550.5862	92.43	11.2
3610.0949	92.51	10.5
3670.6009	92.54	9.6
3732.1211	92.53	8.9
3794.6724	92.5	8.5
3858.272	92.51	8.3
3922.9376	92.54	8.2
3988.687	92.63	8.3
4055.5384	92.84	8
4123.5102	93.06	6.4
4192.6212	93.12	4.1
4262.8906	93.01	2.5
4334.3377	92.97	1.7
4406.9822	93.02	0.1
4480.8443	92.91	-2.3
4555.9444	92.57	-3.8
4632.3031	92.22	-3.4
4709.9417	92.1	-2.3
4788.8814	92.1	-1.8
4869.1443	92.08	-1.3
4950.7523	92.18	-0.5
5033.7281	92.41	-0.6
5118.0947	92.54	-1.5
5203.8752	92.66	-1.8
5291.0934	92.97	-2.3
5379.7734	93.29	-4.8
5469.9397	93.36	-8.2
5561.6173	93.33	-11
5654.8313	93.25	-14.5
5749.6077	92.91	-17.8
5845.9725	92.45	-19.3
5943.9525	92.08	-20.2
6043.5746	91.64	-20.5
6144.8664	91.28	-18.9
6247.8558	91.25	-16.9
6352.5714	91.44	-15.7
6459.0421	91.81	-15.8
6567.2972	92.14	-18.1
6677.3667	92.27	-21.1
6789.281	92.34	-24.5
6903.071	92.24	-29.1
7018.7682	91.8	-33.4
7136.4045	91.16	-35.7
7256.0123	90.54	-36.3
7377.6249	90.04	-35.8
7501.2757	89.71	-35
7626.9989	89.47	-34.3
7754.8293	89.34	-33.5
7884.8021	89.35	-33.2
8016.9533	89.46	-33.9
8151.3194	89.53	-36.2
8287.9375	89.42	-40
8426.8454	88.92	-43.9
8568.0814	88.1	-45.9
8711.6845	87.12	-44.7
8857.6945	86.46	-40.6
9006.1516	86.27	-36.4
9157.0969	86.47	-33.1
9310.5721	86.93	-32.9
9466.6196	87.08	-35.7
9625.2825	86.83	-38.8
9786.6046	86.29	-40.3
9950.6305	85.76	-40
10117.405	85.3	-38.3
10286.976	85.11	-36.1
10459.388	85.12	-34.5
10634.69	85.17	-34.4
10812.93	85.18	-34.6
10994.157	85.16	-36.1
11178.422	84.88	-38.2
11365.775	84.27	-38.3
11556.268	83.77	-35.3
11749.954	83.74	-31.1
11946.886	84.17	-28.5
12147.119	84.74	-28.8
12350.708	85.08	-31.9
12557.708	84.99	-35.8
12768.179	84.55	-37.7
12982.177	84.18	-36.6
13199.761	84.35	-34.8
13420.992	84.81	-35.8
13645.931	85.08	-40
13874.641	84.89	-45.2
14107.183	84.33	-48.7
14343.623	83.68	-49.9
14584.025	83.28	-49
14828.457	83.32	-49.4
15076.986	83.32	-53.3
15329.68	82.73	-57.7
15586.609	81.78	-57.8
15847.844	81.25	-54.8
16113.458	81.26	-52.8
16383.524	81.47	-52.8
16658.115	81.6	-54.4
16937.31	81.69	-55.8
17221.183	82.05	-58.2
17509.814	82.43	-63.9
17803.283	82.39	-72.5
18101.67	81.84	-81.1
18405.059	81.05	-88.3
18713.532	80.2	-95.6
19027.176	79.14	-103.9
19346.076	77.64	-111.3
19670.321	75.95	-116.1
20000	75	-118
