29.11636	42.76	8.6
29.60436	42.95	5
30.10053	43.15	1.4
30.60502	43.35	-2.2
31.11797	43.55	-5.9
31.63952	43.76	-9.7
32.1698	43.97	-13.5
32.70898	44.18	-17.4
33.25719	44.4	-21.3
33.81459	44.62	-25.2
34.38133	44.85	-29.2
34.95757	45.08	-33.3
35.54346	45.32	-37.4
36.13918	45.56	-41.5
36.74488	45.8	-45.6
37.36074	46.05	-49.8
37.98691	46.31	-54
38.62358	46.58	-58.2
39.27092	46.85	-62.4
39.92911	47.12	-66.6
40.59833	47.41	-70.8
41.27877	47.7	-75
41.97061	48	-79.1
42.67405	48.3	-83.3
43.38928	48.62	-87.4
44.11649	48.94	-91.4
44.8559	49.27	-95.4
45.60769	49.62	-99.4
46.37209	49.97	-103.2
47.1493	50.33	-106.9
47.93953	50.71	-110.6
48.74301	51.1	-114.1
49.55995	51.5	-117.4
50.39059	51.91	-120.6
51.23515	52.34	-123.6
52.09386	52.78	-126.4
52.96697	53.24	-129
53.85471	53.71	-131.3
54.75733	54.2	-133.3
55.67507	54.71	-135.1
56.6082	55.24	-136.5
57.55697	55.79	-137.6
58.52164	56.37	-138.2
59.50247	56.96	-138.4
60.49975	57.85	-138.2
61.51374	58.47	-140.5
62.54472	58.8	-143.9
63.59299	58.93	-146.5
64.65882	59.03	-147.9
65.74252	59.25	-148.4
66.84438	59.56	-149
67.96471	59.87	-149.9
69.10382	60.19	-150.7
70.26201	60.52	-151.6
71.43962	60.87	-152.3
72.63697	61.27	-153
73.85438	61.7	-154
75.0922	62.12	-155.3
76.35076	62.51	-156.7
77.63042	62.92	-158
78.93152	63.35	-159.7
80.25443	63.76	-161.8
81.59952	64.09	-164
82.96715	64.36	-166.2
84.3577	64.62	-168.2
85.77155	64.88	-170.4
87.2091	65.02	-172.9
88.67075	64.97	-175.2
90.15689	64.83	-175.4
91.66795	64.93	-174.2
93.20432	65.33	-173.3
94.76645	65.77	-173.8
96.35476	66.13	-175.1
97.96969	66.37	-176.8
99.61168	66.51	-177.9
101.2812	66.62	-178.2
102.9787	66.79	-178.1
104.70465	67.06	-177.6
106.45952	67.39	-177.3
108.24381	67.78	-177.4
110.058	68.2	-177.6
111.9026	68.64	-178.3
113.77812	69.05	-179.6
115.68507	69.39	-161.3
117.62398	69.62	177.4
119.59538	69.78	176
121.59983	69.94	175.5
123.63787	70.16	175.4
125.71007	70.43	175.2
127.81701	70.75	175.1
129.95925	71.09	174.8
132.1374	71.44	174.1
134.35205	71.77	173.1
136.60383	72.02	172.1
138.89334	72.24	171.7
141.22123	72.51	171.6
143.58813	72.83	171.3
145.9947	73.19	171
148.44161	73.57	170.5
150.92953	73.94	169.7
153.45914	74.29	168.6
156.03116	74.61	167.3
158.64628	74.85	165.9
161.30523	75.03	164.8
164.00874	75.18	164.1
166.75757	75.35	164
169.55247	75.57	164.4
172.39421	75.87	164.8
175.28358	76.26	165.2
178.22137	76.69	165.3
181.2084	77.15	164.9
184.2455	77.59	164.2
187.3335	78	163.3
190.47326	78.4	162.3
193.66564	78.79	161.2
196.91152	79.16	160
200.2118	79.51	158.7
203.5674	79.84	157.5
206.97924	80.16	156.5
210.44827	80.49	155.4
213.97543	80.84	154.4
217.56171	81.2	153.3
221.2081	81.57	152
224.9156	81.92	150.6
228.68524	82.26	148.9
232.51806	82.55	147.3
236.41512	82.82	145.7
240.3775	83.07	144.4
244.40628	83.35	143.3
248.50259	83.66	142.1
252.66756	83.99	140.7
256.90233	84.29	138.9
261.20807	84.53	137.1
265.58598	84.72	135.4
270.03727	84.9	134.3
274.56316	85.11	133.3
279.16491	85.36	132.6
283.84378	85.64	131.8
288.60107	85.96	131
293.43809	86.32	130
298.35619	86.71	128.8
303.35671	87.1	127.2
308.44104	87.48	125.3
313.61059	87.84	122.9
318.86678	88.13	120.4
324.21107	88.33	117.7
329.64492	88.47	115.3
335.16985	88.61	113.6
340.78738	88.78	112
346.49906	88.98	110.4
352.30647	89.19	108.6
358.21121	89.39	106.8
364.21492	89.58	105.1
370.31925	89.77	103.2
376.5259	89.95	101.4
382.83656	90.13	99.7
389.253	90.3	97.7
395.77697	90.46	95.7
402.41029	90.59	93.8
409.15479	90.69	92
416.01232	90.8	90.5
422.98479	90.95	89.2
430.07412	91.18	88.1
437.28226	91.48	86.5
444.61122	91.81	84.3
452.06302	92.1	81.3
459.6397	92.33	77.8
467.34338	92.46	74
475.17617	92.47	70
483.14023	92.35	66
491.23778	92.07	62.4
499.47105	91.59	59.6
507.84231	90.97	58.9
516.35387	90.48	61
525.00808	90.47	64
533.80735	90.81	65.2
542.75409	91.17	63.7
551.85078	91.28	61.4
561.09994	91.25	59.8
570.50411	91.28	58.9
580.0659	91.36	57.7
589.78794	91.4	56.1
599.67293	91.37	54.7
609.7236	91.34	53.8
619.94272	91.36	53.2
630.33311	91.45	52.3
640.89765	91.55	50.9
651.63925	91.57	49
662.56088	91.47	47.4
673.66556	91.34	46.8
684.95636	91.33	46.9
696.4364	91.51	46.9
708.10884	91.76	45.7
719.97692	91.97	43.6
732.04391	92.09	40.7
744.31315	92.07	37.5
756.78802	91.91	34.3
769.47197	91.61	31.6
782.36851	91.2	29.7
795.4812	90.78	28.9
808.81366	90.38	28.5
822.36957	89.9	28.8
836.15269	89.42	31.1
850.16681	89.27	35.3
864.41582	89.61	38.9
878.90364	90.16	39.9
893.63428	90.6	38.8
908.61181	90.89	37.1
923.84036	91.11	34.7
939.32415	91.18	31.8
955.06746	91.06	28.9
971.07462	90.8	26.9
987.35007	90.5	25.9
1003.8983	90.27	25.7
1020.7239	90.12	25.4
1037.8315	89.97	24.9
1055.2258	89.77	24.3
1072.9116	89.5	24
1090.8939	89.11	24.7
1109.1775	88.78	27.4
1127.7676	88.83	31.2
1146.6693	89.26	33.6
1165.8877	89.74	33.6
1185.4283	90.07	31.9
1205.2964	90.16	29.8
1225.4974	90.11	28
1246.0371	89.97	26.8
1266.9209	89.78	26.6
1288.1549	89.74	27.2
1309.7446	89.82	27
1331.6963	89.82	25.8
1354.0158	89.62	24.7
1376.7095	89.31	25.2
1399.7835	89.15	27
1423.2442	89.2	29.1
1447.0981	89.49	30.6
1471.3518	89.86	30.2
1496.012	90.03	28.3
1521.0856	89.95	26.5
1546.5793	89.71	26
1572.5004	89.57	27.1
1598.8559	89.64	28.2
1625.6531	89.8	28.3
1652.8994	89.85	27.7
1680.6024	89.77	27.4
1708.7697	89.67	28.2
1737.4091	89.72	29.8
1766.5285	89.96	31.1
1796.136	90.28	31.6
1826.2397	90.6	31.4
1856.8479	90.92	30.5
1887.9691	91.2	29.1
1919.612	91.43	26.9
1951.7851	91.52	24.1
1984.4975	91.41	21.7
2017.7582	91.23	20.4
2051.5763	91.13	19.8
2085.9612	91.09	19
2120.9224	91.05	17.8
2156.4696	90.92	16.4
2192.6126	90.68	15.6
2229.3613	90.48	15.7
2266.7259	90.38	16
2304.7168	90.27	16
2343.3444	90.13	16.4
2382.6195	90.05	17.4
2422.5528	90.12	18.6
2463.1553	90.32	19.3
2504.4384	90.58	18.8
2546.4134	90.71	17
2589.0919	90.61	15.2
2632.4858	90.39	14.8
2676.6069	90.26	15.6
2721.4674	90.33	16.7
2767.0799	90.55	17.1
2813.4568	90.83	16.3
2860.6111	91.02	14.4
2908.5556	91.08	12
2957.3037	91.01	9.8
3006.8689	90.87	8
3057.2647	90.75	6.3
3108.5052	90.59	4.1
3160.6045	90.24	1.7
3213.577	89.64	0.5
3267.4374	88.96	1.7
3322.2004	88.52	5.5
3377.8813	88.6	9.4
3434.4954	88.97	11.1
3492.0584	89.27	10.4
3550.5862	89.31	8.7
3610.0949	89.12	7.9
3670.6009	88.93	8.5
3732.1211	88.92	9.6
3794.6724	89	10
3858.272	88.99	10.2
3922.9376	88.99	11.4
3988.687	89.26	13.4
4055.5384	89.84	13.8
4123.5102	90.4	11.4
4192.6212	90.67	7.5
4262.8906	90.72	3.8
4334.3377	90.73	0.6
4406.9822	90.75	-3.4
4480.8443	90.6	-8.5
4555.9444	90.08	-13.6
4632.3031	89.21	-16.5
4709.9417	88.32	-16.2
4788.8814	87.72	-14.1
4869.1443	87.46	-12.3
4950.7523	87.37	-11.7
5033.7281	87.24	-12.3
5118.0947	86.93	-12.9
5203.8752	86.55	-11.8
5291.0934	86.53	-9.5
5379.7734	86.85	-9.4
5469.9397	87.1	-11.6
5561.6173	87.24	-15
5654.8313	87.24	-20.2
5749.6077	86.76	-26.3
5845.9725	85.87	-29.7
5943.9525	85.08	-31.1
6043.5746	84.28	-32.8
6144.8664	83.14	-31.9
6247.8558	82.3	-26.8
6352.5714	82.21	-21.8
6459.0421	82.58	-19.9
6567.2972	82.99	-21.7
6677.3667	83.06	-25.7
6789.281	83.02	-29.9
6903.071	82.92	-36.5
7018.7682	82.29	-44.4
7136.4045	81.18	-50.9
7256.0123	79.73	-55.2
7377.6249	77.93	-55.2
7501.2757	76.3	-50.9
7626.9989	75.12	-44.6
7754.8293	74.76	-38.2
7884.8021	74.92	-37
8016.9533	74.79	-39.2
8151.3194	74.35	-41.2
8287.9375	74.19	-42.1
8426.8454	74.26	-47.7
8568.0814	73.57	-55.4
8711.6845	72.41	-60.2
8857.6945	71.3	-60.7
9006.1516	71.15	-59.2
9157.0969	72.05	-62.9
9310.5721	73.02	-74.9
9466.6196	73.4	-91.7
9625.2825	73.34	-109.2
9786.6046	73.03	-127.5
9950.6305	71.96	-144.3
10117.405	70.44	-152.8
10286.976	69.77	-153.1
10459.388	70.47	-154.5
10634.69	71.51	-161.5
10812.93	72.02	-172.7
10994.157	71.78	177.5
11178.422	71.02	170.5
11365.775	70.4	170.5
11556.268	70.53	171.3
11749.954	70.98	169.8
11946.886	71.31	166.1
12147.119	71.42	162.1
12350.708	71.48	157.8
12557.708	71.2	153.4
12768.179	70.81	151
12982.177	70.5	148.9
13199.761	70.34	147.1
13420.992	70.33	142.8
13645.931	69.88	136.4
13874.641	69.05	131.2
14107.183	68.06	127.1
14343.623	67.1	124.9
14584.025	66.55	120.5
14828.457	65.93	110.6
15076.986	65.18	97.6
15329.68	64.4	78.2
15586.609	63.19	55.9
15847.844	62.1	35
16113.458	62.47	17.3
16383.524	63.43	-3.6
16658.115	64.05	-18.7
16937.31	65.3	-26.3
17221.183	67.23	-32.9
17509.814	68.9	-44.2
17803.283	69.69	-57.7
18101.67	69.81	-68.2
18405.059	70.09	-75.9
18713.532	70.47	-85.9
19027.176	70.41	-98.1
19346.076	69.63	-109.5
19670.321	68.67	-117.6
20000	68.18	-122.2
